2021-06-12 21:22:36,487 | INFO | cocotb | Waiting for rl step or rl reset 
2021-06-12 21:22:39,216 | INFO | RL | Step 0 |dut reset asserted
2021-06-12 21:22:39,216 | INFO | cocotb | Step 1
2021-06-12 21:22:39,219 | INFO | RL | Step 0 | reset called
2021-06-12 21:22:39,224 | INFO | cocotb | Waiting for rl step after rl reset 
2021-06-12 21:22:39,229 | INFO | cocotb | Waiting for actions from rl step 
2021-06-12 21:22:39,232 | INFO | cocotb | index_width | 3
2021-06-12 21:22:39,234 | INFO | cocotb | word_width | 3
2021-06-12 21:22:39,371 | INFO | cocotb | Waiting for rl step or rl reset 
2021-06-12 21:22:39,376 | INFO | RL | Step 1 | action | [0.2655270381028821, 0.3692524180046601]
2021-06-12 21:22:39,384 | INFO | RL | Step 1 | coverage | ['001', '001', '000', '000', '000', '010', '010', '010', '010', '011', '011', '011', '011', '011', '010', '010', '110', '010', '010', '010', '010', '010', '010', '010', '011', '011', '011', '011', '011', '010', '010', '010', '011', '011', '011', '011', '011', '010', '010', '110', '010', '010', '010', '010', '010', '010', '010', '011', '011', '011', '011', '011', '010', '010', '010', '011', '011', '011', '011', '011', '010', '010', '110', '010', '010', '010', '010', '010', '010', '010', '011', '011', '011', '011', '011', '010', '010', '010', '011', '011', '011', '011', '011', '010', '010', '110', '010', '010', '010', '010', '010', '010', '010', '011', '011', '011', '011', '011', '010', '010', '010', '011', '011', '011', '011', '011', '010', '010', '110', '010', '010', '010', '010', '010', '010', '010', '011', '011', '011', '011', '011', '010', '010', '010', '011', '011', '011', '011', '011', '010', '010', '110', '010', '010', '010', '010', '010', '010', '010', '011', '011', '011', '011', '011', '010', '010', '010', '011', '011', '011', '011', '011', '010', '010', '110', '010', '010', '010']
2021-06-12 21:22:39,386 | INFO | RL | Step 1 | binary_coverage | [7, 153, 67]
2021-06-12 21:22:39,387 | INFO | RL | Step 1 | reward | 153
2021-06-12 21:22:39,398 | INFO | RL | Step 1 | observation | 0
2021-06-12 21:22:39,401 | INFO | RL | Step 1 | done | True
2021-06-12 21:22:39,403 | INFO | RL | Step 1 | info | {}
2021-06-12 21:22:39,406 | INFO | RL | Step 1 |dut reset asserted
2021-06-12 21:22:39,407 | INFO | cocotb | Step 2
2021-06-12 21:22:39,409 | INFO | RL | Step 1 | reset called
2021-06-12 21:22:39,413 | INFO | cocotb | Waiting for rl step after rl reset 
2021-06-12 21:22:39,414 | INFO | cocotb | Waiting for actions from rl step 
2021-06-12 21:22:39,416 | INFO | cocotb | index_width | 8
2021-06-12 21:22:39,418 | INFO | cocotb | word_width | 6
2021-06-12 21:22:39,539 | INFO | cocotb | Waiting for rl step or rl reset 
2021-06-12 21:22:39,542 | INFO | RL | Step 2 | action | [0.9062356336352515, 0.7288388042597181]
2021-06-12 21:22:39,543 | INFO | RL | Step 2 | coverage | ['010', '000', '000', '000', '010', '010', '110', '010', '010', '010', '010', '010', '010', '011', '011', '011', '011', '011', '010', '011', '011', '011', '011', '011', '010', '011', '011', '011', '011', '011', '010', '011', '011', '011', '011', '011', '010', '011', '011', '011', '011', '011', '010', '011', '011', '011', '011', '011', '010', '110', '010', '010', '010', '010', '010', '010', '011', '011', '011', '011', '011', '010', '011', '011', '011', '011', '011', '010', '011', '011', '011', '011', '011', '010', '011', '011', '011', '011', '011', '010', '011', '011', '011', '011', '011', '010', '011', '011', '011', '011', '011', '010', '110', '010', '010', '010', '010', '010', '010', '011', '011', '011', '011', '011', '010', '011', '011', '011', '011', '011', '010', '011', '011', '011', '011', '011', '010', '011', '011', '011', '011', '011', '010', '011', '011', '011', '011', '011']
2021-06-12 21:22:39,544 | INFO | RL | Step 2 | binary_coverage | [3, 125, 85]
2021-06-12 21:22:39,546 | INFO | RL | Step 2 | reward | 125
2021-06-12 21:22:39,547 | INFO | RL | Step 2 | observation | 0
2021-06-12 21:22:39,548 | INFO | RL | Step 2 | done | True
2021-06-12 21:22:39,549 | INFO | RL | Step 2 | info | {}
2021-06-12 21:22:39,550 | INFO | RL | Step 2 |dut reset asserted
2021-06-12 21:22:39,550 | INFO | cocotb | Step 3
2021-06-12 21:22:39,552 | INFO | RL | Step 2 | reset called
2021-06-12 21:22:39,561 | INFO | cocotb | Waiting for rl step after rl reset 
2021-06-12 21:22:39,562 | INFO | cocotb | Waiting for actions from rl step 
2021-06-12 21:22:39,565 | INFO | cocotb | index_width | 3
2021-06-12 21:22:39,570 | INFO | cocotb | word_width | 3
2021-06-12 21:22:39,712 | INFO | cocotb | Waiting for rl step or rl reset 
2021-06-12 21:22:39,714 | INFO | RL | Step 3 | action | [0.3397504833108721, 0.268917395914278]
2021-06-12 21:22:39,715 | INFO | RL | Step 3 | coverage | ['011', '000', '000', '000', '010', '010', '010', '010', '011', '011', '011', '011', '011', '010', '010', '110', '010', '010', '010', '010', '010', '010', '010', '011', '011', '011', '011', '011', '010', '010', '010', '011', '011', '011', '011', '011', '010', '010', '110', '010', '010', '010', '010', '010', '010', '010', '011', '011', '011', '011', '011', '010', '010', '010', '011', '011', '011', '011', '011', '010', '010', '110', '010', '010', '010', '010', '010', '010', '010', '011', '011', '011', '011', '011', '010', '010', '010', '011', '011', '011', '011', '011', '010', '010', '110', '010', '010', '010', '010', '010', '010', '010', '011', '011', '011', '011', '011', '010', '010', '010', '011', '011', '011', '011', '011', '010', '010', '110', '010', '010', '010', '010', '010', '010', '010', '011', '011', '011', '011', '011', '010', '010', '010', '011', '011', '011', '011', '011', '010', '010', '110', '010', '010', '010', '010', '010', '010', '010', '011', '011', '011', '011', '011', '010', '010', '010', '011', '011', '011', '011', '011', '010', '010', '110', '010', '010', '010']
2021-06-12 21:22:39,716 | INFO | RL | Step 3 | binary_coverage | [7, 154, 66]
2021-06-12 21:22:39,717 | INFO | RL | Step 3 | reward | 154
2021-06-12 21:22:39,718 | INFO | RL | Step 3 | observation | 0
2021-06-12 21:22:39,719 | INFO | RL | Step 3 | done | True
2021-06-12 21:22:39,721 | INFO | RL | Step 3 | info | {}
2021-06-12 21:22:39,727 | INFO | RL | Step 3 |dut reset asserted
2021-06-12 21:22:39,727 | INFO | cocotb | Step 4
2021-06-12 21:22:39,729 | INFO | RL | Step 3 | reset called
2021-06-12 21:22:39,733 | INFO | cocotb | Waiting for rl step after rl reset 
2021-06-12 21:22:39,734 | INFO | cocotb | Waiting for actions from rl step 
2021-06-12 21:22:39,744 | INFO | cocotb | index_width | 8
2021-06-12 21:22:39,746 | INFO | cocotb | word_width | 7
2021-06-12 21:22:39,862 | INFO | cocotb | Waiting for rl step or rl reset 
2021-06-12 21:22:39,864 | INFO | RL | Step 4 | action | [0.973666802136897, 0.7807903227191391]
2021-06-12 21:22:39,865 | INFO | RL | Step 4 | coverage | ['010', '000', '000', '000', '010', '010', '011', '011', '011', '011', '011', '010', '110', '010', '010', '010', '010', '010', '010', '011', '011', '011', '011', '011', '010', '011', '011', '011', '011', '011', '010', '011', '011', '011', '011', '011', '010', '011', '011', '011', '011', '011', '010', '011', '011', '011', '011', '011', '010', '011', '011', '011', '011', '011', '010', '011', '011', '011', '011', '011', '010', '011', '011', '011', '011', '011', '010', '011', '011', '011', '011', '011', '010', '011', '011', '011', '011', '011', '010', '011', '011', '011', '011', '011', '010', '011', '011', '011', '011', '011', '010', '011', '011', '011', '011', '011', '010', '011', '011', '011', '011', '011', '010', '110', '010', '010', '010', '010', '010', '010', '011', '011', '011', '011', '011', '010', '011', '011', '011', '011', '011', '010', '011', '011', '011', '011', '011']
2021-06-12 21:22:39,867 | INFO | RL | Step 4 | binary_coverage | [2, 124, 90]
2021-06-12 21:22:39,871 | INFO | RL | Step 4 | reward | 124
2021-06-12 21:22:39,873 | INFO | RL | Step 4 | observation | 0
2021-06-12 21:22:39,875 | INFO | RL | Step 4 | done | True
2021-06-12 21:22:39,876 | INFO | RL | Step 4 | info | {}
2021-06-12 21:22:39,878 | INFO | RL | Step 4 |dut reset asserted
2021-06-12 21:22:39,878 | INFO | cocotb | Step 5
2021-06-12 21:22:39,879 | INFO | RL | Step 4 | reset called
2021-06-12 21:22:39,883 | INFO | cocotb | Waiting for rl step after rl reset 
2021-06-12 21:22:39,889 | INFO | cocotb | Waiting for actions from rl step 
2021-06-12 21:22:39,899 | INFO | cocotb | index_width | 8
2021-06-12 21:22:39,901 | INFO | cocotb | word_width | 3
2021-06-12 21:22:40,044 | INFO | cocotb | Waiting for rl step or rl reset 
2021-06-12 21:22:40,046 | INFO | RL | Step 5 | action | [0.9799235202217187, 0.28885449636226884]
2021-06-12 21:22:40,047 | INFO | RL | Step 5 | coverage | ['011', '000', '000', '000', '010', '010', '010', '011', '011', '011', '011', '011', '010', '011', '011', '011', '011', '011', '010', '010', '011', '011', '011', '011', '011', '010', '011', '011', '011', '011', '011', '010', '010', '011', '011', '011', '011', '011', '010', '011', '011', '011', '011', '011', '010', '110', '010', '010', '010', '010', '010', '010', '011', '011', '011', '011', '011', '010', '011', '011', '011', '011', '011', '010', '010', '011', '011', '011', '011', '011', '010', '011', '011', '011', '011', '011', '010', '010', '011', '011', '011', '011', '011', '010', '011', '011', '011', '011', '011', '010', '010', '011', '011', '011', '011', '011', '010', '011', '011', '011', '011', '011', '010', '010', '011', '011', '011', '011', '011', '010', '011', '011', '011', '011', '011', '010', '110', '010', '010', '010', '010', '010', '010', '011', '011', '011', '011', '011', '010', '011', '011', '011', '011', '011']
2021-06-12 21:22:40,049 | INFO | RL | Step 5 | binary_coverage | [2, 131, 91]
2021-06-12 21:22:40,050 | INFO | RL | Step 5 | reward | 131
2021-06-12 21:22:40,052 | INFO | RL | Step 5 | observation | 0
2021-06-12 21:22:40,059 | INFO | RL | Step 5 | done | True
2021-06-12 21:22:40,061 | INFO | RL | Step 5 | info | {}
2021-06-12 21:22:40,063 | INFO | RL | Step 5 |dut reset asserted
2021-06-12 21:22:40,063 | INFO | cocotb | Step 6
2021-06-12 21:22:40,064 | INFO | RL | Step 5 | reset called
2021-06-12 21:22:40,070 | INFO | cocotb | Waiting for rl step after rl reset 
2021-06-12 21:22:40,079 | INFO | cocotb | Waiting for actions from rl step 
2021-06-12 21:22:40,082 | INFO | cocotb | index_width | 8
2021-06-12 21:22:40,085 | INFO | cocotb | word_width | 5
2021-06-12 21:22:40,242 | INFO | cocotb | Waiting for rl step or rl reset 
2021-06-12 21:22:40,244 | INFO | RL | Step 6 | action | [0.9312770234498808, 0.6207622107286648]
2021-06-12 21:22:40,245 | INFO | RL | Step 6 | coverage | ['011', '000', '000', '000', '010', '010', '010', '011', '011', '011', '011', '011', '010', '011', '011', '011', '011', '011', '010', '011', '011', '011', '011', '011', '010', '011', '011', '011', '011', '011', '010', '110', '010', '010', '010', '010', '010', '010', '011', '011', '011', '011', '011', '010', '011', '011', '011', '011', '011', '010', '011', '011', '011', '011', '011', '010', '011', '011', '011', '011', '011', '010', '010', '011', '011', '011', '011', '011', '010', '011', '011', '011', '011', '011', '010', '011', '011', '011', '011', '011', '010', '011', '011', '011', '011', '011', '010', '010', '011', '011', '011', '011', '011', '010', '011', '011', '011', '011', '011', '010', '011', '011', '011', '011', '011', '010', '011', '011', '011', '011', '011', '010', '110', '010', '010', '010', '010', '010', '010', '011', '011', '011', '011', '011', '010', '011', '011', '011', '011', '011']
2021-06-12 21:22:40,246 | INFO | RL | Step 6 | binary_coverage | [2, 127, 91]
2021-06-12 21:22:40,248 | INFO | RL | Step 6 | reward | 127
2021-06-12 21:22:40,249 | INFO | RL | Step 6 | observation | 0
2021-06-12 21:22:40,251 | INFO | RL | Step 6 | done | True
2021-06-12 21:22:40,253 | INFO | RL | Step 6 | info | {}
2021-06-12 21:22:40,259 | INFO | RL | Step 6 |dut reset asserted
2021-06-12 21:22:40,260 | INFO | cocotb | Step 7
2021-06-12 21:22:40,261 | INFO | RL | Step 6 | reset called
2021-06-12 21:22:40,266 | INFO | cocotb | Waiting for rl step after rl reset 
2021-06-12 21:22:40,267 | INFO | cocotb | Waiting for actions from rl step 
2021-06-12 21:22:40,274 | INFO | cocotb | index_width | 1
2021-06-12 21:22:40,280 | INFO | cocotb | word_width | 6
2021-06-12 21:22:40,506 | INFO | cocotb | Waiting for rl step or rl reset 
2021-06-12 21:22:40,514 | INFO | RL | Step 7 | action | [0.09717596178057542, 0.749772186270658]
2021-06-12 21:22:40,515 | INFO | RL | Step 7 | coverage | ['011', '000', '000', '000', '010', '010', '010', '110', '010', '010', '010', '010', '010', '010', '010', '011', '011', '011', '011', '011', '010', '010', '011', '011', '011', '011', '011', '010', '010', '011', '011', '011', '011', '011', '010', '010', '010', '011', '011', '011', '011', '011', '010', '010', '011', '011', '011', '011', '011', '010', '010', '011', '011', '011', '011', '011', '010', '010', '110', '010', '010', '010', '010', '010', '010', '010', '011', '011', '011', '011', '011', '010', '010', '011', '011', '011', '011', '011', '010', '010', '011', '011', '011', '011', '011', '010', '010', '010', '011', '011', '011', '011', '011', '010', '010', '011', '011', '011', '011', '011', '010', '010', '011', '011', '011', '011', '011', '010', '010', '110', '010', '010', '010', '010', '010', '010', '010', '011', '011', '011', '011', '011', '010', '010', '011', '011', '011', '011', '011', '010', '010', '011', '011', '011', '011', '011', '010', '010', '010', '011', '011', '011', '011', '011', '010', '010', '011', '011', '011', '011']
2021-06-12 21:22:40,517 | INFO | RL | Step 7 | binary_coverage | [3, 147, 85]
2021-06-12 21:22:40,518 | INFO | RL | Step 7 | reward | 147
2021-06-12 21:22:40,519 | INFO | RL | Step 7 | observation | 0
2021-06-12 21:22:40,521 | INFO | RL | Step 7 | done | True
2021-06-12 21:22:40,522 | INFO | RL | Step 7 | info | {}
2021-06-12 21:22:40,530 | INFO | RL | Step 7 |dut reset asserted
2021-06-12 21:22:40,530 | INFO | cocotb | Step 8
2021-06-12 21:22:40,532 | INFO | RL | Step 7 | reset called
2021-06-12 21:22:40,536 | INFO | cocotb | Waiting for rl step after rl reset 
2021-06-12 21:22:40,538 | INFO | cocotb | Waiting for actions from rl step 
2021-06-12 21:22:40,546 | INFO | cocotb | index_width | 4
2021-06-12 21:22:40,547 | INFO | cocotb | word_width | 4
2021-06-12 21:22:40,712 | INFO | cocotb | Waiting for rl step or rl reset 
2021-06-12 21:22:40,714 | INFO | RL | Step 8 | action | [0.41138687460017787, 0.42571385133732664]
2021-06-12 21:22:40,715 | INFO | RL | Step 8 | coverage | ['011', '000', '000', '000', '000', '000', '000', '001', '001', '001', '001', '001', '000', '000', '001', '001', '001', '001', '001', '000', '000', '001', '001', '001', '001', '001', '000', '000', '001', '001', '001', '001', '001', '000', '000', '001', '001', '001', '001', '001', '000', '000', '001', '001', '001', '001', '001', '000', '000', '001', '001', '001', '001', '001', '000', '000', '001', '001', '001', '001', '001', '000', '000', '001', '001', '001', '001', '001', '000', '000', '001', '001', '001', '001', '001', '000', '000', '001', '001', '001', '001', '001', '000', '000', '001', '001', '001', '001', '001', '000', '000', '001', '001', '001', '001', '001', '000', '000', '001', '001', '001', '001', '001', '000', '000', '001', '001', '001', '001', '001', '000', '000', '001', '001', '001', '001', '001', '000', '000', '001', '001', '001', '001', '001', '000', '000', '001', '001', '001', '001', '001', '000', '000', '001', '001', '001', '001', '001', '000', '000', '001', '001', '001', '001']
2021-06-12 21:22:40,717 | INFO | RL | Step 8 | binary_coverage | [0, 1, 100]
2021-06-12 21:22:40,718 | INFO | RL | Step 8 | reward | 1
2021-06-12 21:22:40,719 | INFO | RL | Step 8 | observation | 0
2021-06-12 21:22:40,721 | INFO | RL | Step 8 | done | True
2021-06-12 21:22:40,722 | INFO | RL | Step 8 | info | {}
2021-06-12 21:22:40,729 | INFO | cocotb | Step 9
2021-06-12 21:22:40,729 | INFO | RL | Step 8 |dut reset asserted
2021-06-12 21:22:40,732 | INFO | RL | Step 8 | reset called
2021-06-12 21:22:40,736 | INFO | cocotb | Waiting for rl step after rl reset 
2021-06-12 21:22:40,747 | INFO | cocotb | Waiting for actions from rl step 
2021-06-12 21:22:40,751 | INFO | cocotb | index_width | 3
2021-06-12 21:22:40,753 | INFO | cocotb | word_width | 7
2021-06-12 21:22:40,951 | INFO | cocotb | Waiting for rl step or rl reset 
2021-06-12 21:22:40,952 | INFO | RL | Step 9 | action | [0.25841800744073296, 0.8330528065391254]
2021-06-12 21:22:40,954 | INFO | RL | Step 9 | coverage | ['001', '000', '000', '000', '010', '010', '010', '011', '011', '011', '011', '011', '010', '110', '010', '010', '010', '010', '010', '010', '011', '011', '011', '011', '011', '010', '010', '011', '011', '011', '011', '011', '010', '011', '011', '011', '011', '011', '010', '010', '011', '011', '011', '011', '011', '010', '110', '010', '010', '010', '010', '010', '010', '011', '011', '011', '011', '011', '010', '010', '011', '011', '011', '011', '011', '010', '011', '011', '011', '011', '011', '010', '010', '011', '011', '011', '011', '011', '010', '110', '010', '010', '010', '010', '010', '010', '011', '011', '011', '011', '011', '010', '010', '011', '011', '011', '011', '011', '010', '011', '011', '011', '011', '011', '010', '010', '011', '011', '011', '011', '011', '010', '110', '010', '010', '010', '010', '010', '010', '011', '011', '011', '011', '011', '010', '010', '011', '011', '011', '011', '011', '010', '011', '011', '011', '011', '011']
2021-06-12 21:22:40,959 | INFO | RL | Step 9 | binary_coverage | [4, 133, 81]
2021-06-12 21:22:40,961 | INFO | RL | Step 9 | reward | 133
2021-06-12 21:22:40,962 | INFO | RL | Step 9 | observation | 0
2021-06-12 21:22:40,963 | INFO | RL | Step 9 | done | True
2021-06-12 21:22:40,965 | INFO | RL | Step 9 | info | {}
2021-06-12 21:22:40,966 | INFO | RL | Step 9 |dut reset asserted
2021-06-12 21:22:40,966 | INFO | cocotb | Step 10
2021-06-12 21:22:40,969 | INFO | RL | Step 9 | reset called
2021-06-12 21:22:40,972 | INFO | cocotb | Waiting for rl step after rl reset 
2021-06-12 21:22:40,978 | INFO | cocotb | Waiting for actions from rl step 
2021-06-12 21:22:40,980 | INFO | cocotb | index_width | 1
2021-06-12 21:22:40,982 | INFO | cocotb | word_width | 7
2021-06-12 21:22:41,210 | INFO | cocotb | Waiting for RL process to complete 
2021-06-12 21:22:41,216 | INFO | RL | Step 10 | action | [0.030625809132016124, 0.7796605717326912]
2021-06-12 21:22:41,217 | INFO | RL | Step 10 | coverage | ['011', '000', '000', '000', '000', '000', '000', '001', '001', '001', '001', '001', '000', '000', '001', '001', '001', '001', '001', '000', '000', '001', '001', '001', '001', '001', '000', '000', '001', '001', '001', '001', '001', '000', '000', '001', '001', '001', '001', '001', '000', '000', '001', '001', '001', '001', '001', '000', '000', '001', '001', '001', '001', '001', '000', '000', '001', '001', '001', '001', '001', '000', '000', '001', '001', '001', '001', '001', '000', '000', '001', '001', '001', '001', '001', '000', '000', '001', '001', '001', '001', '001', '000', '000', '001', '001', '001', '001', '001', '000', '000', '001', '001', '001', '001', '001', '000', '000', '001', '001', '001', '001', '001', '000', '000', '001', '001', '001', '001', '001', '000', '000', '001', '001', '001', '001', '001', '000', '000', '001', '001', '001', '001', '001', '000', '000', '001', '001', '001', '001', '001', '000', '000', '001', '001', '001', '001', '001', '000', '000', '001', '001', '001', '001']
2021-06-12 21:22:41,218 | INFO | RL | Step 10 | binary_coverage | [0, 1, 100]
2021-06-12 21:22:41,219 | INFO | RL | Step 10 | reward | 1
2021-06-12 21:22:41,220 | INFO | RL | Step 10 | observation | 0
2021-06-12 21:22:41,222 | INFO | RL | Step 10 | done | True
2021-06-12 21:22:41,222 | INFO | RL | Step 10 | info | {}
2021-06-12 21:22:41,223 | INFO | RL | Step 10 |dut reset asserted
2021-06-12 21:22:41,223 | INFO | RL | Step 10 | reset called
2021-06-12 21:22:41,292 | INFO | CONFIG | num_events | 3
2021-06-12 21:22:41,293 | INFO | CONFIG | num_steps | 10
2021-06-12 21:22:41,293 | INFO | CONFIG | reward_function | [0, 1, 0]
2021-06-12 21:22:41,293 | INFO | CONFIG | fsm_states | 0
2021-06-12 21:22:41,294 | INFO | CONFIG | learning_starts | 100
2021-06-12 21:22:41,294 | INFO | CONFIG | learning_rate | 0.0003
2021-06-12 21:22:41,295 | INFO | CONFIG | train_freq | (1, 'episode')
2021-06-12 21:22:41,296 | INFO | RL | result | total_binary_coverage | [30, 1096, 856]
2021-06-12 21:22:41,296 | INFO | RL | result | total_coverage | ['000', '001', '010', '011', '110'] | [112, 201, 411, 655, 30]
2021-06-12 21:22:41,297 | INFO | RL | result | reward_plot | [153, 125, 154, 124, 131, 127, 147, 1, 133, 1]
2021-06-12 21:22:41,297 | INFO | RL | result | action_hist_1 | [0.2655270381028821, 0.9062356336352515, 0.3397504833108721, 0.973666802136897, 0.9799235202217187, 0.9312770234498808, 0.09717596178057542, 0.41138687460017787, 0.25841800744073296, 0.030625809132016124]
2021-06-12 21:22:41,297 | INFO | RL | result | action_hist_2 | [0.3692524180046601, 0.7288388042597181, 0.268917395914278, 0.7807903227191391, 0.28885449636226884, 0.6207622107286648, 0.749772186270658, 0.42571385133732664, 0.8330528065391254, 0.7796605717326912]
2021-06-12 21:22:41,333 | INFO | cocotb | RL process joined 
